Determining if the pthread_create exist failed with the following output:
Change Dir: /root/c/c_test22/bin/CMakeFiles/CMakeTmp

Run Build Command:/usr/bin/gmake "cmTryCompileExec3038354940/fast"
/usr/bin/gmake -f CMakeFiles/cmTryCompileExec3038354940.dir/build.make CMakeFiles/cmTryCompileExec3038354940.dir/build
gmake[1]: Entering directory `/root/c/c_test22/bin/CMakeFiles/CMakeTmp'
/usr/bin/cmake -E cmake_progress_report /root/c/c_test22/bin/CMakeFiles/CMakeTmp/CMakeFiles 1
Building C object CMakeFiles/cmTryCompileExec3038354940.dir/CheckSymbolExists.c.o
/usr/local/bin/gcc    -o CMakeFiles/cmTryCompileExec3038354940.dir/CheckSymbolExists.c.o   -c /root/c/c_test22/bin/CMakeFiles/CMakeTmp/CheckSymbolExists.c
Linking C executable cmTryCompileExec3038354940
/usr/bin/cmake -E cmake_link_script CMakeFiles/cmTryCompileExec3038354940.dir/link.txt --verbose=1
/usr/local/bin/gcc       CMakeFiles/cmTryCompileExec3038354940.dir/CheckSymbolExists.c.o  -o cmTryCompileExec3038354940 -rdynamic 
CMakeFiles/cmTryCompileExec3038354940.dir/CheckSymbolExists.c.o: In function `main':
CheckSymbolExists.c:(.text+0x16): undefined reference to `pthread_create'
collect2: error: ld returned 1 exit status
gmake[1]: Leaving directory `/root/c/c_test22/bin/CMakeFiles/CMakeTmp'
gmake[1]: *** [cmTryCompileExec3038354940] Error 1
gmake: *** [cmTryCompileExec3038354940/fast] Error 2

File /root/c/c_test22/bin/CMakeFiles/CMakeTmp/CheckSymbolExists.c:
/* */
#include <pthread.h>

int main(int argc, char** argv)
{
  (void)argv;
#ifndef pthread_create
  return ((int*)(&pthread_create))[argc];
#else
  (void)argc;
  return 0;
#endif
}

Determining if the function pthread_create exists in the pthreads failed with the following output:
Change Dir: /root/c/c_test22/bin/CMakeFiles/CMakeTmp

Run Build Command:/usr/bin/gmake "cmTryCompileExec929488205/fast"
/usr/bin/gmake -f CMakeFiles/cmTryCompileExec929488205.dir/build.make CMakeFiles/cmTryCompileExec929488205.dir/build
gmake[1]: Entering directory `/root/c/c_test22/bin/CMakeFiles/CMakeTmp'
/usr/bin/cmake -E cmake_progress_report /root/c/c_test22/bin/CMakeFiles/CMakeTmp/CMakeFiles 1
Building C object CMakeFiles/cmTryCompileExec929488205.dir/CheckFunctionExists.c.o
/usr/local/bin/gcc   -DCHECK_FUNCTION_EXISTS=pthread_create   -o CMakeFiles/cmTryCompileExec929488205.dir/CheckFunctionExists.c.o   -c /usr/share/cmake/Modules/CheckFunctionExists.c
Linking C executable cmTryCompileExec929488205
/usr/bin/cmake -E cmake_link_script CMakeFiles/cmTryCompileExec929488205.dir/link.txt --verbose=1
/usr/local/bin/gcc   -DCHECK_FUNCTION_EXISTS=pthread_create    CMakeFiles/cmTryCompileExec929488205.dir/CheckFunctionExists.c.o  -o cmTryCompileExec929488205 -rdynamic -lpthreads 
/usr/bin/ld: cannot find -lpthreads
collect2: error: ld returned 1 exit status
gmake[1]: Leaving directory `/root/c/c_test22/bin/CMakeFiles/CMakeTmp'
gmake[1]: *** [cmTryCompileExec929488205] Error 1
gmake: *** [cmTryCompileExec929488205/fast] Error 2


